<?xml version="1.0" encoding="UTF-8"?>
<!-- Generated by org.testng.reporters.JUnitReportReporter -->
<testsuite skipped="0" hostname="AIPL2345LT06246" name="com.xpand.DemoTest" tests="3" failures="0" timestamp="2020-08-04T12:45:38 IST" time="4.367" errors="0">
  <testcase name="login" time="4.304" classname="com.xpand.DemoTest"/>
  <system-out/>
  <testcase name="verifyUrl" time="0.029" classname="com.xpand.DemoTest"/>
  <system-out/>
  <testcase name="loginPageTitleTest" time="0.034" classname="com.xpand.DemoTest"/>
  <system-out/>
</testsuite> <!-- com.xpand.DemoTest -->
