<?xml version="1.0" encoding="UTF-8"?>
<!-- Generated by org.testng.reporters.JUnitReportReporter -->
<testsuite skipped="0" hostname="AIPL2345LT06246" name="com.xpand.DemoTest" tests="1" failures="0" timestamp="2020-07-21T16:27:56 IST" time="17.619" errors="0">
  <testcase name="loginPageTitleTest" time="17.619" classname="com.xpand.DemoTest"/>
  <system-out/>
</testsuite> <!-- com.xpand.DemoTest -->
